run script: ./data/test_eq3.scm
S: []
E: []
C: [((lambda x: [x, [x, y]]) [1, 2, 3])]
D: D0

S: []
E: []
C: [[1, 2, 3], (lambda x: [x, [x, y]]), `ap`]
D: D0

S: [[1, 2, 3]]
E: []
C: [(lambda x: [x, [x, y]]), `ap`]
D: D0

S: [<clos x, [x, [x, y]], []>, [1, 2, 3]]
E: []
C: [`ap`]
D: D0

S: []
E: [<x = [1, 2, 3]>]
C: [[x, [x, y]]]
D: [<[], [], [], D0>]

S: [[[1, 2, 3], [[1, 2, 3], y]]]
E: [<x = [1, 2, 3]>]
C: []
D: [<[], [], [], D0>]

S: [[1, 2, 3], [[1, 2, 3], y]]
E: []
C: []
D: D0

reduction finished
